Detecting compiler hash for triplet arm64-osx...
Compiler found: /usr/bin/c++
The following packages are already installed:
  * egl-registry:arm64-osx@2025-05-27
    glad[core,loader,gl-api-latest,gl-api-46,gl-api-45,gl-api-44,gl-api-43,gl-api-42,gl-api-41,gl-api-40,gl-api-33,gl-api-32,gl-api-31,gl-api-30,gl-api-21,gl-api-20,gl-api-15,gl-api-14,gl-api-13,gl-api-12,gl-api-11,gl-api-10,extensions]:arm64-osx@0.1.36
    glfw3:arm64-osx@3.4#1
    glm:arm64-osx@1.0.3
    miniaudio:arm64-osx@0.11.24
    opengl:arm64-osx@2022-12-04#3
  * opengl-registry:arm64-osx@2025-10-23
    stb:arm64-osx@2024-07-29#1
  * vcpkg-cmake:arm64-osx@2024-04-23
  * vcpkg-cmake-config:arm64-osx@2024-05-23
glad provides CMake targets:

  # this is heuristically generated, and may not be correct
  find_package(glad CONFIG REQUIRED)
  target_link_libraries(main PRIVATE glad::glad)

glfw3 provides CMake targets:

  # this is heuristically generated, and may not be correct
  find_package(glfw3 CONFIG REQUIRED)
  target_link_libraries(main PRIVATE glfw)

glfw3 provides pkg-config modules:

  # A multi-platform library for OpenGL, window and input
  glfw3

The package glm provides CMake targets:

    find_package(glm CONFIG REQUIRED)
    target_link_libraries(main PRIVATE glm::glm)

    # Or use the header-only version
    find_package(glm CONFIG REQUIRED)
    target_link_libraries(main PRIVATE glm::glm-header-only)

miniaudio is header-only and can be used from CMake via:

  find_path(MINIAUDIO_INCLUDE_DIRS "miniaudio.h")
  target_include_directories(main PRIVATE ${MINIAUDIO_INCLUDE_DIRS})

The package opengl is compatible with built-in CMake targets via CMake v3.7 and prior syntax

    find_package(OpenGL REQUIRED)
    target_link_libraries(main PRIVATE ${OPENGL_LIBRARIES})
    target_include_directories(main PRIVATE ${OPENGL_INCLUDE_DIR})

and the CMake v3.8 and beyond imported target syntax

    find_package(OpenGL REQUIRED)
    target_link_libraries(main PRIVATE OpenGL::GL)

introduction of various components

    find_package(OpenGL REQUIRED COMPONENTS GL      # v3.8
                                            GLU     # v3.8
                                            GLX     # v3.10
                                            EGL     # v3.10
                                            OpenGL) # v3.10

The OpenGL SDK is highly platform dependent and is usually an OS component. It's not realistic to build from source for every platform.

    WINDOWS: is part of the Windows SDK which this package installs.
    LINUX: the SDK may be installed from your distro's repo or from 3rd parties manually. There are too many to count.
    APPLE: consult your distribution vendor on the state of OpenGL support: https://support.apple.com/en-us/HT202823

The package stb provides CMake targets:

    find_package(Stb REQUIRED)
    target_include_directories(main PRIVATE ${Stb_INCLUDE_DIR})
All requested installations completed successfully in: 122 us
